#
# There is insufficient memory for the Java Runtime Environment to continue.
# Native memory allocation (mmap) failed to map 134217728 bytes for Failed to commit area from 0x0000000081400000 to 0x0000000089400000 of length 134217728.
# Possible reasons:
#   The system is out of physical RAM or swap space
#   The process is running with CompressedOops enabled, and the Java Heap may be blocking the growth of the native heap
# Possible solutions:
#   Reduce memory load on the system
#   Increase physical memory or swap space
#   Check if swap backing store is full
#   Decrease Java heap size (-Xmx/-Xms)
#   Decrease number of Java threads
#   Decrease Java thread stack sizes (-Xss)
#   Set larger code cache with -XX:ReservedCodeCacheSize=
# This output file may be truncated or incomplete.
#
#  Out of Memory Error (c:/BuildAgent/work/5ff2f6c26000d570/src/hotspot/os/windows/os_windows.cpp:3281), pid=10748, tid=16068
#
# JRE version:  (11.0.4+10) (build )
# Java VM: OpenJDK 64-Bit Server VM (11.0.4+10-b304.69, mixed mode, aot, sharing, tiered, compressed oops, g1 gc, windows-amd64)
# No core dump will be written. Minidumps are not enabled by default on client versions of Windows
#

---------------  S U M M A R Y ------------

Command Line: org.jetbrains.git4idea.http.GitAskPassApp Username for 'https://gitlab.skillbox.ru': 

Host: Intel(R) Core(TM) i7-7700HQ CPU @ 2.80GHz, 8 cores, 7G,  Windows 10 , 64 bit Build 18362 (10.0.18362.329)
Time: Sun Oct 25 23:59:12 2020 Iineia noaiaa?oiia a?aiy elapsed time: 0 seconds (0d 0h 0m 0s)

---------------  T H R E A D  ---------------

Current thread (0x00000214ed603800):  JavaThread "Unknown thread" [_thread_in_vm, id=16068, stack(0x000000af07f00000,0x000000af08000000)]

Stack: [0x000000af07f00000,0x000000af08000000]
Native frames: (J=compiled Java code, j=interpreted, Vv=VM code, C=native code)
V  [jvm.dll+0x5db31a]
V  [jvm.dll+0x70c395]
V  [jvm.dll+0x70d8b8]
V  [jvm.dll+0x70df83]
V  [jvm.dll+0x23dbb8]
V  [jvm.dll+0x5d8a74]
V  [jvm.dll+0x5cdb05]
V  [jvm.dll+0x2fa5bb]
V  [jvm.dll+0x2fa52a]
V  [jvm.dll+0x2fa402]
V  [jvm.dll+0x2ff2c6]
V  [jvm.dll+0x347893]
V  [jvm.dll+0x347f96]
V  [jvm.dll+0x347993]
V  [jvm.dll+0x2d4e28]
V  [jvm.dll+0x2d5fd7]
V  [jvm.dll+0x6eb717]
V  [jvm.dll+0x6ecf0c]
V  [jvm.dll+0x354fb9]
V  [jvm.dll+0x6d35be]
V  [jvm.dll+0x3bd673]
V  [jvm.dll+0x3bf9f1]
C  [java.exe+0x3763]
C  [java.exe+0x17a0c]
C  [KERNEL32.DLL+0x17bd4]
C  [ntdll.dll+0x6cee1]


---------------  P R O C E S S  ---------------

Threads class SMR info:
_java_thread_list=0x00000214eb3d6030, length=0, elements={
}

Java Threads: ( => current thread )

Other Threads:
  0x00000214ed61a800 GCTaskThread "GC Thread#0" [stack: 0x000000af08000000,0x000000af08100000] [id=12968]
  0x00000214ed64c800 ConcurrentGCThread "G1 Main Marker" [stack: 0x000000af08100000,0x000000af08200000] [id=4880]
  0x00000214ed64e800 ConcurrentGCThread "G1 Conc#0" [stack: 0x000000af08200000,0x000000af08300000] [id=4620]

[error occurred during error reporting (printing all threads), id 0xc0000005, EXCEPTION_ACCESS_VIOLATION (0xc0000005) at pc=0x00007ff852995727]

VM state:not at safepoint (not fully initialized)

VM Mutex/Monitor currently owned by a thread:  ([mutex/lock_event])
[0x00000214ed6000f0] Heap_lock - owner thread: 0x00000214ed603800

Heap address: 0x0000000081400000, size: 2028 MB, Compressed Oops mode: Non-zero based: 0x0000000081400000
Narrow klass base: 0x0000000000000000, Narrow klass shift: 0

GC Heap History (0 events):
No events

Deoptimization events (0 events):
No events

Classes redefined (0 events):
No events

Internal exceptions (0 events):
No events

Events (0 events):
No events


Dynamic libraries:
0x00007ff796510000 - 0x00007ff796557000 	C:\Program Files\JetBrains\WebStorm 2019.2.3\jbr\bin\java.exe
0x00007ff897e80000 - 0x00007ff898070000 	C:\Windows\SYSTEM32\ntdll.dll
0x00007ff897760000 - 0x00007ff897812000 	C:\Windows\System32\KERNEL32.DLL
0x00007ff895b50000 - 0x00007ff895df3000 	C:\Windows\System32\KERNELBASE.dll
0x00007ff8979d0000 - 0x00007ff897b63000 	C:\Windows\System32\USER32.dll
0x00007ff895e00000 - 0x00007ff895e21000 	C:\Windows\System32\win32u.dll
0x00007ff897880000 - 0x00007ff8978a6000 	C:\Windows\System32\GDI32.dll
0x00007ff894e10000 - 0x00007ff894fa4000 	C:\Windows\System32\gdi32full.dll
0x00007ff895ab0000 - 0x00007ff895b4e000 	C:\Windows\System32\msvcp_win.dll
0x00007ff895060000 - 0x00007ff89515a000 	C:\Windows\System32\ucrtbase.dll
0x00007ff888500000 - 0x00007ff888785000 	C:\Windows\WinSxS\amd64_microsoft.windows.common-controls_6595b64144ccf1df_6.0.18362.356_none_e6c4af7d130f27cc\COMCTL32.dll
0x00007ff896590000 - 0x00007ff89662e000 	C:\Windows\System32\msvcrt.dll
0x00007ff896630000 - 0x00007ff896966000 	C:\Windows\System32\combase.dll
0x00007ff8978b0000 - 0x00007ff8979d0000 	C:\Windows\System32\RPCRT4.dll
0x00007ff895e30000 - 0x00007ff895eb0000 	C:\Windows\System32\bcryptPrimitives.dll
0x00007ff897600000 - 0x00007ff89762e000 	C:\Windows\System32\IMM32.DLL
0x00007ff88b770000 - 0x00007ff88b787000 	C:\Program Files\JetBrains\WebStorm 2019.2.3\jbr\bin\vcruntime140.dll
0x00007ff876390000 - 0x00007ff87642d000 	C:\Program Files\JetBrains\WebStorm 2019.2.3\jbr\bin\msvcp140.dll
0x00007ff8526b0000 - 0x00007ff853168000 	C:\Program Files\JetBrains\WebStorm 2019.2.3\jbr\bin\server\jvm.dll
0x00007ff897540000 - 0x00007ff8975e3000 	C:\Windows\System32\ADVAPI32.dll
0x00007ff895fb0000 - 0x00007ff896047000 	C:\Windows\System32\sechost.dll
0x00007ff8975f0000 - 0x00007ff8975f8000 	C:\Windows\System32\PSAPI.DLL
0x00007ff8927b0000 - 0x00007ff8927d4000 	C:\Windows\SYSTEM32\WINMM.dll
0x00007ff88e080000 - 0x00007ff88e08a000 	C:\Windows\SYSTEM32\VERSION.dll
0x00007ff892db0000 - 0x00007ff892db9000 	C:\Windows\SYSTEM32\WSOCK32.dll
0x00007ff897240000 - 0x00007ff8972af000 	C:\Windows\System32\WS2_32.dll
0x00007ff892780000 - 0x00007ff8927ad000 	C:\Windows\SYSTEM32\WINMMBASE.dll
0x00007ff895eb0000 - 0x00007ff895efa000 	C:\Windows\System32\cfgmgr32.dll
0x00007ff894dd0000 - 0x00007ff894de1000 	C:\Windows\System32\kernel.appcore.dll
0x00007ff891600000 - 0x00007ff891611000 	C:\Program Files\JetBrains\WebStorm 2019.2.3\jbr\bin\verify.dll
0x00007ff86a9a0000 - 0x00007ff86ab94000 	C:\Windows\SYSTEM32\DBGHELP.DLL
0x00007ff86a970000 - 0x00007ff86a99a000 	C:\Windows\SYSTEM32\dbgcore.DLL
0x00007ff88b7a0000 - 0x00007ff88b7c9000 	C:\Program Files\JetBrains\WebStorm 2019.2.3\jbr\bin\java.dll
0x00007ff891580000 - 0x00007ff891597000 	C:\Program Files\JetBrains\WebStorm 2019.2.3\jbr\bin\zip.dll
0x00007ff892da0000 - 0x00007ff892dab000 	C:\Program Files\JetBrains\WebStorm 2019.2.3\jbr\bin\jimage.dll

dbghelp: loaded successfully - version: 4.0.5 - missing functions: none
symbol engine: initialized successfully - sym options: 0x614 - pdb path: .;C:\Program Files\JetBrains\WebStorm 2019.2.3\jbr\bin;C:\Windows\SYSTEM32;C:\Windows\WinSxS\amd64_microsoft.windows.common-controls_6595b64144ccf1df_6.0.18362.356_none_e6c4af7d130f27cc;C:\Program Files\JetBrains\WebStorm 2019.2.3\jbr\bin\server

VM Arguments:
java_command: org.jetbrains.git4idea.http.GitAskPassApp Username for 'https://gitlab.skillbox.ru': 
java_class_path (initial): C:/Program Files/JetBrains/WebStorm 2019.2.3/plugins/git4idea/lib/git4idea-rt.jar;C:/Program Files/JetBrains/WebStorm 2019.2.3/lib/xmlrpc-2.0.1.jar;C:/Program Files/JetBrains/WebStorm 2019.2.3/lib/commons-codec-1.13.jar;C:/Program Files/JetBrains/WebStorm 2019.2.3/lib/util.jar
Launcher Type: SUN_STANDARD

[Global flags]
     intx CICompilerCount                          = 4                                         {product} {ergonomic}
     uint ConcGCThreads                            = 2                                         {product} {ergonomic}
     uint G1ConcRefinementThreads                  = 8                                         {product} {ergonomic}
   size_t G1HeapRegionSize                         = 1048576                                   {product} {ergonomic}
    uintx GCDrainStackTargetSize                   = 64                                        {product} {ergonomic}
   size_t InitialHeapSize                          = 134217728                                 {product} {ergonomic}
   size_t MarkStackSize                            = 4194304                                   {product} {ergonomic}
   size_t MaxHeapSize                              = 2126512128                                {product} {ergonomic}
   size_t MinHeapDeltaBytes                        = 1048576                                   {product} {ergonomic}
    uintx NonNMethodCodeHeapSize                   = 5835340                                {pd product} {ergonomic}
    uintx NonProfiledCodeHeapSize                  = 122911450                              {pd product} {ergonomic}
    uintx ProfiledCodeHeapSize                     = 122911450                              {pd product} {ergonomic}
    uintx ReservedCodeCacheSize                    = 251658240                              {pd product} {ergonomic}
     bool SegmentedCodeCache                       = true                                      {product} {ergonomic}
     bool UseCompressedClassPointers               = true                                 {lp64_product} {ergonomic}
     bool UseCompressedOops                        = true                                 {lp64_product} {ergonomic}
     bool UseG1GC                                  = true                                      {product} {ergonomic}
     bool UseLargePagesIndividualAllocation        = false                                  {pd product} {ergonomic}

Logging:
Log output configuration:
 #0: stdout all=warning uptime,level,tags
 #1: stderr all=off uptime,level,tags

Environment Variables:
PATH=C:\Program Files\Git\mingw64\libexec\git-core;C:\Program Files\Git\mingw64\libexec\git-core;C:\Program Files\Git\mingw64\bin;C:\Program Files\Git\usr\bin;C:\Users\Apetr\bin;C:\Ruby27-x64\bin;C:\Python38\Scripts;C:\Python38;C:\Windows\system32;C:\Windows;C:\Windows\System32\Wbem;C:\Windows\System32\WindowsPowerShell\v1.0;C:\Windows\System32\OpenSSH;C:\Program Files (x86)\NVIDIA Corporation\PhysX\Common;C:\Program Files\Git\cmd;C:\Users\Apetr\AppData\Roaming\nvm;C:\Program Files\nodejs;C:\Program Files\nodejs;C:\ProgramData\chocolatey\bin;C:\Users\Apetr\AppData\Local\Microsoft\WindowsApps;C:\Program Files\JetBrains\WebStorm 2019.2.3\bin;C:\Users\Apetr\AppData\Roaming\nvm;C:\Program Files\nodejs;C:\Users\Apetr\AppData\Local\Programs\Microsoft VS Code\bin;C:\Users\Apetr\AppData\Roaming\npm;C:\Program Files\heroku\bin
USERNAME=Apetr
DISPLAY=:0.0
OS=Windows_NT
PROCESSOR_IDENTIFIER=Intel64 Family 6 Model 158 Stepping 9, GenuineIntel



---------------  S Y S T E M  ---------------

OS: Windows 10 , 64 bit Build 18362 (10.0.18362.329)

CPU:total 8 (initial active 8) (4 cores per cpu, 2 threads per core) family 6 model 158 stepping 9, cmov, cx8, fxsr, mmx, sse, sse2, sse3, ssse3, sse4.1, sse4.2, popcnt, avx, avx2, aes, clmul, erms, 3dnowpref, lzcnt, ht, tsc, tscinvbit, bmi1, bmi2, adx, fma

Memory: 4k page, system-wide physical 8109M (349M free)
TotalPageFile size 16301M (AvailPageFile size 126M)
current process WorkingSet (physical memory assigned to process): 9M, peak: 9M
current process commit charge ("private bytes"): 60M, peak: 187M

vm_info: OpenJDK 64-Bit Server VM (11.0.4+10-b304.69) for windows-amd64 JRE (11.0.4+10-b304.69), built on Sep  9 2019 11:39:50 by "" with MS VC++ 14.0 (VS2015)

END.
